Exception 0xC0020001
EAX=0x00B86760	EBX=0x0082C000	ECX=0x00000001	EDX=0x00000000	ESI=0x00EB86D0
EDI=0x00B86864	EBP=0x00B867BC	ESP=0x00B86760	EIP=0x768DB282	FLG=0x00000216
CS=0x0023	DS=0x002B	SS=0x002B	ES=0x002B	FS=0x0053	GS=0x002B
Code Bytes:
8B 4C 24 54 33 CC E8 A5 6B 00 00 8B E5 5D C2 10 00 6A 0F 58 EB CA 83 64 24 10 00 EB D9 CC CC CC CC CC CC CC CC CC CC CC CC CC CC CC CC CC 8B FF 55 8B 
@rltv@ KERNELBASE.dll 14B282 RaiseException (0x768DB282)
@rltv@ mscorwks.dll 29D2C3 GetAddrOfContractShutoffFlag (0x7328D2C3)
@rltv@ mscorwks.dll 22BFAE Ordinal24 (0x7321BFAE)
@rltv@ mscorwks.dll 1EAD  (0x72FF1EAD)
@rltv@ USER32.dll 96816 Ordinal2523 (0x779D6816)
@rltv@ USER32.dll 97724 Ordinal2523 (0x779D7724)
@rltv@ USER32.dll 2FA35 OffsetRect (0x7796FA35)
@rltv@ ntdll.dll 7916D KiUserCallbackDispatcher (0x77D3916D)
@rltv@ USER32.dll 28436 EnumThreadWindows (0x77968436)
@rltv@ USER32.dll 5A9CE EndDialog (0x7799A9CE)
@rltv@ USER32.dll 51DB7 DialogBoxIndirectParamAorW (0x77991DB7)
@rltv@ USER32.dll 51E3F DialogBoxParamA (0x77991E3F)
@rltv@ Foundation.dll 7AA2A NBSU::ShowExceptionDlg (0x529AAA2A)
@rltv@ ntdll.dll B71F1 LdrResolveDelayLoadsFromDll (0x77D771F1)
@rltv@ ntdll.dll 790C6 KiUserApcDispatcher (0x77D390C6)
@rltv@ ntdll.dll 99D94 RtlInterlockedCompareExchange64 (0x77D59D94)
@rltv@ ntdll.dll 791B6 KiUserExceptionDispatcher (0x77D391B6)
@rltv@ mscorwks.dll 29D2C3 GetAddrOfContractShutoffFlag (0x7328D2C3)
@rltv@ mscorwks.dll 22BFAE Ordinal24 (0x7321BFAE)
@rltv@ mscorwks.dll 1EAD  (0x72FF1EAD)
@rltv@ USER32.dll 96816 Ordinal2523 (0x779D6816)
@rltv@ USER32.dll 97724 Ordinal2523 (0x779D7724)
@rltv@ USER32.dll 2FA35 OffsetRect (0x7796FA35)
@rltv@ ntdll.dll 7916D KiUserCallbackDispatcher (0x77D3916D)
@rltv@ USER32.dll 28436 EnumThreadWindows (0x77968436)
@rltv@ USER32.dll 5A9CE EndDialog (0x7799A9CE)
@rltv@ USER32.dll 51DB7 DialogBoxIndirectParamAorW (0x77991DB7)
@rltv@ USER32.dll 51E3F DialogBoxParamA (0x77991E3F)
@rltv@ Foundation.dll 7AA2A NBSU::ShowExceptionDlg (0x529AAA2A)
@rltv@ ntdll.dll B71F1 LdrResolveDelayLoadsFromDll (0x77D771F1)
@rltv@ ntdll.dll 790C6 KiUserApcDispatcher (0x77D390C6)
@rltv@ ntdll.dll 99D94 RtlInterlockedCompareExchange64 (0x77D59D94)
@rltv@ ntdll.dll 791B6 KiUserExceptionDispatcher (0x77D391B6)
@rltv@ mscorwks.dll 29D2C3 GetAddrOfContractShutoffFlag (0x7328D2C3)
@rltv@ mscorwks.dll 22BFAE Ordinal24 (0x7321BFAE)
@rltv@ mscorwks.dll 1EAD  (0x72FF1EAD)
@rltv@ USER32.dll 96816 Ordinal2523 (0x779D6816)
@rltv@ USER32.dll 97724 Ordinal2523 (0x779D7724)
@rltv@ USER32.dll 2FA35 OffsetRect (0x7796FA35)
@rltv@ ntdll.dll 7916D KiUserCallbackDispatcher (0x77D3916D)
@rltv@ USER32.dll 28436 EnumThreadWindows (0x77968436)
@rltv@ USER32.dll 5A9CE EndDialog (0x7799A9CE)
@rltv@ USER32.dll 51DB7 DialogBoxIndirectParamAorW (0x77991DB7)
@rltv@ USER32.dll 51E3F DialogBoxParamA (0x77991E3F)
@rltv@ Foundation.dll 7AA2A NBSU::ShowExceptionDlg (0x529AAA2A)
@rltv@ ntdll.dll B71F1 LdrResolveDelayLoadsFromDll (0x77D771F1)
@rltv@ ntdll.dll 790C6 KiUserApcDispatcher (0x77D390C6)
@rltv@ ntdll.dll 99D94 RtlInterlockedCompareExchange64 (0x77D59D94)
@rltv@ ntdll.dll 791B6 KiUserExceptionDispatcher (0x77D391B6)
@rltv@ mscorwks.dll 29D2C3 GetAddrOfContractShutoffFlag (0x7328D2C3)
@rltv@ mscorwks.dll 22BFAE Ordinal24 (0x7321BFAE)
@rltv@ mscorwks.dll 1EAD  (0x72FF1EAD)
@rltv@ USER32.dll 96816 Ordinal2523 (0x779D6816)
@rltv@ USER32.dll 97724 Ordinal2523 (0x779D7724)
@rltv@ USER32.dll 2FA35 OffsetRect (0x7796FA35)
@rltv@ ntdll.dll 7916D KiUserCallbackDispatcher (0x77D3916D)
@rltv@ USER32.dll 28436 EnumThreadWindows (0x77968436)
@rltv@ USER32.dll 5A9CE EndDialog (0x7799A9CE)
@rltv@ USER32.dll 51DB7 DialogBoxIndirectParamAorW (0x77991DB7)
@rltv@ USER32.dll 51E3F DialogBoxParamA (0x77991E3F)
@rltv@ Foundation.dll 7AA2A NBSU::ShowExceptionDlg (0x529AAA2A)
@rltv@ ntdll.dll B71F1 LdrResolveDelayLoadsFromDll (0x77D771F1)
@rltv@ ntdll.dll 790C6 KiUserApcDispatcher (0x77D390C6)
@rltv@ ntdll.dll 99D94 RtlInterlockedCompareExchange64 (0x77D59D94)
@rltv@ ntdll.dll 791B6 KiUserExceptionDispatcher (0x77D391B6)
@rltv@ mscorwks.dll 29D2C3 GetAddrOfContractShutoffFlag (0x7328D2C3)
@rltv@ mscorwks.dll 22BFAE Ordinal24 (0x7321BFAE)
@rltv@ mscorwks.dll 1EAD  (0x72FF1EAD)
@rltv@ USER32.dll 96816 Ordinal2523 (0x779D6816)
@rltv@ USER32.dll 97724 Ordinal2523 (0x779D7724)
@rltv@ USER32.dll 2FA35 OffsetRect (0x7796FA35)
@rltv@ ntdll.dll 7916D KiUserCallbackDispatcher (0x77D3916D)
@rltv@ USER32.dll 28436 EnumThreadWindows (0x77968436)
@rltv@ USER32.dll 5A9CE EndDialog (0x7799A9CE)
@rltv@ USER32.dll 51DB7 DialogBoxIndirectParamAorW (0x77991DB7)
@rltv@ USER32.dll 51E3F DialogBoxParamA (0x77991E3F)
@rltv@ Foundation.dll 7AA2A NBSU::ShowExceptionDlg (0x529AAA2A)
@rltv@ ntdll.dll B71F1 LdrResolveDelayLoadsFromDll (0x77D771F1)
@rltv@ ntdll.dll 790C6 KiUserApcDispatcher (0x77D390C6)
@rltv@ ntdll.dll 99D94 RtlInterlockedCompareExchange64 (0x77D59D94)
@rltv@ ntdll.dll 791B6 KiUserExceptionDispatcher (0x77D391B6)
@rltv@ mscorwks.dll 29D2C3 GetAddrOfContractShutoffFlag (0x7328D2C3)
@rltv@ mscorwks.dll 22BFAE Ordinal24 (0x7321BFAE)
@rltv@ mscorwks.dll 1EAD  (0x72FF1EAD)
@rltv@ USER32.dll 96816 Ordinal2523 (0x779D6816)
@rltv@ USER32.dll 97724 Ordinal2523 (0x779D7724)
@rltv@ USER32.dll 2FA35 OffsetRect (0x7796FA35)
@rltv@ ntdll.dll 7916D KiUserCallbackDispatcher (0x77D3916D)
@rltv@ USER32.dll 28436 EnumThreadWindows (0x77968436)
@rltv@ USER32.dll 5A9CE EndDialog (0x7799A9CE)
@rltv@ USER32.dll 51DB7 DialogBoxIndirectParamAorW (0x77991DB7)
@rltv@ USER32.dll 51E3F DialogBoxParamA (0x77991E3F)
@rltv@ Foundation.dll 7AA2A NBSU::ShowExceptionDlg (0x529AAA2A)
@rltv@ ntdll.dll B71F1 LdrResolveDelayLoadsFromDll (0x77D771F1)
@rltv@ ntdll.dll 790C6 KiUserApcDispatcher (0x77D390C6)
@rltv@ ntdll.dll 99D94 RtlInterlockedCompareExchange64 (0x77D59D94)
@rltv@ ntdll.dll 791B6 KiUserExceptionDispatcher (0x77D391B6)
@rltv@ mscorwks.dll 29D2C3 GetAddrOfContractShutoffFlag (0x7328D2C3)
@rltv@ mscorwks.dll 22BFAE Ordinal24 (0x7321BFAE)
@rltv@ mscorwks.dll 1EAD  (0x72FF1EAD)
@rltv@ USER32.dll 96816 Ordinal2523 (0x779D6816)
@rltv@ USER32.dll 97724 Ordinal2523 (0x779D7724)
@rltv@ USER32.dll 2D94F GetPropW (0x7796D94F)
@rltv@ ntdll.dll 7916D KiUserCallbackDispatcher (0x77D3916D)
@rltv@ MSCTF.dll 2368B TF_GetInitSystemFlags (0x7597368B)
@rltv@ MSCTF.dll 26B63 CtfImeDispatchDefImeMessage (0x75976B63)
@rltv@ MSCTF.dll 272C0 CtfImeDispatchDefImeMessage (0x759772C0)
@rltv@ MSCTF.dll 26947 CtfImeDispatchDefImeMessage (0x75976947)
@rltv@ MSCTF.dll 231CD CtfImeDestroyThreadMgr (0x759731CD)
@rltv@ MSCTF.dll 231A4 CtfImeDestroyThreadMgr (0x759731A4)
@rltv@ MSCTF.dll 23136 CtfImeDestroyThreadMgr (0x75973136)
@rltv@ ntdll.dll 91EB6 RtlNumberOfSetBitsUlongPtr (0x77D51EB6)
@rltv@ ntdll.dll 5EC45 LdrShutdownProcess (0x77D1EC45)
@rltv@ ntdll.dll 5EE65 RtlExitUserProcess (0x77D1EE65)
@rltv@ KERNEL32.dll 27473 ExitProcess (0x75B47473)
@rltv@ mscorwks.dll 16B8E2 CorDllMain (0x7315B8E2)
@rltv@ mscorwks.dll 90884 CorExeMain (0x73080884)
@rltv@ mscorlib.ni.dll 6A4500  (0x6FE34500)
@rltv@ System.Windows.Forms.ni.dll 720E8D  (0x67D90E8D)
@rltv@ System.Windows.Forms.ni.dll 71F8EA  (0x67D8F8EA)
@rltv@ System.Windows.Forms.ni.dll 20784F  (0x6787784F)
@rltv@ System.Windows.Forms.ni.dll 207644  (0x67877644)
@rltv@ System.Windows.Forms.ni.dll 207596  (0x67877596)
@rltv@ System.Windows.Forms.ni.dll 2080E7  (0x678780E7)
@rltv@ System.Windows.Forms.ni.dll 203147  (0x67873147)
@rltv@ System.Windows.Forms.ni.dll 202E00  (0x67872E00)
@rltv@ System.Windows.Forms.ni.dll 1F9A80  (0x67869A80)
@rltv@ System.Windows.Forms.ni.dll 1F9A01  (0x67869A01)
@rltv@ System.Windows.Forms.ni.dll 1F98DA  (0x678698DA)
@rltv@ USER32.dll 33163 Ordinal2713 (0x77973163)
@rltv@ USER32.dll 23F56 CallWindowProcW (0x77963F56)
@rltv@ USER32.dll 239DA CallWindowProcW (0x779639DA)
@rltv@ USER32.dll 2D94F GetPropW (0x7796D94F)
@rltv@ ntdll.dll 7916D KiUserCallbackDispatcher (0x77D3916D)
@rltv@ USER32.dll 76389 Ordinal2001 (0x779B6389)
@rltv@ USER32.dll 33163 Ordinal2713 (0x77973163)
@rltv@ USER32.dll 23F56 CallWindowProcW (0x77963F56)
@rltv@ USER32.dll 238C7 CallWindowProcW (0x779638C7)
@rltv@ System.Windows.Forms.ni.dll 1FA0B3  (0x6786A0B3)
@rltv@ System.Windows.Forms.ni.dll 1FA00C  (0x6786A00C)
@rltv@ System.Windows.Forms.ni.dll 1F9A80  (0x67869A80)
@rltv@ System.Windows.Forms.ni.dll 1F9A01  (0x67869A01)
@rltv@ System.Windows.Forms.ni.dll 1F98DA  (0x678698DA)
@rltv@ System.Windows.Forms.ni.dll A5C883  (0x680CC883)
@rltv@ System.Windows.Forms.ni.dll 1E1125  (0x67851125)
@rltv@ System.Windows.Forms.ni.dll 1F98DA  (0x678698DA)
@rltv@ USER32.dll 33163 Ordinal2713 (0x77973163)
@rltv@ USER32.dll 23F56 CallWindowProcW (0x77963F56)
@rltv@ USER32.dll 239DA CallWindowProcW (0x779639DA)
@rltv@ USER32.dll 2D94F GetPropW (0x7796D94F)
@rltv@ ntdll.dll 7916D KiUserCallbackDispatcher (0x77D3916D)
@rltv@ USER32.dll 75FB4 Ordinal2001 (0x779B5FB4)
@rltv@ USER32.dll 77D98 DefMDIChildProcW (0x779B7D98)
@rltv@ System.Windows.Forms.ni.dll A5EDEB  (0x680CEDEB)
@rltv@ System.Windows.Forms.ni.dll 1F9B9E  (0x67869B9E)
@rltv@ System.Windows.Forms.ni.dll 20318A  (0x6787318A)
@rltv@ System.Windows.Forms.ni.dll 203140  (0x67873140)
@rltv@ System.Windows.Forms.ni.dll 202E00  (0x67872E00)
@rltv@ System.Windows.Forms.ni.dll 1F9A80  (0x67869A80)
@rltv@ System.Windows.Forms.ni.dll 1F9A01  (0x67869A01)
@rltv@ System.Windows.Forms.ni.dll 1F98DA  (0x678698DA)
@rltv@ USER32.dll 33163 Ordinal2713 (0x77973163)
@rltv@ USER32.dll 23F56 CallWindowProcW (0x77963F56)
@rltv@ USER32.dll 239DA CallWindowProcW (0x779639DA)
@rltv@ USER32.dll 2D94F GetPropW (0x7796D94F)
@rltv@ ntdll.dll 7916D KiUserCallbackDispatcher (0x77D3916D)
@rltv@ USER32.dll 26E46 IsWindowInDestroy (0x77966E46)
@rltv@ USER32.dll 27248 CreateWindowExW (0x77967248)
@rltv@ mscorwks.dll 1CE7  (0x72FF1CE7)
@rltv@ System.Windows.Forms.ni.dll 1F8E4C  (0x67868E4C)
@rltv@ System.Windows.Forms.ni.dll 1F8E4C  (0x67868E4C)
@rltv@ System.Windows.Forms.ni.dll 1F85B5  (0x678685B5)
@rltv@ System.Windows.Forms.ni.dll 1F8295  (0x67868295)
@rltv@ System.Windows.Forms.ni.dll 2029EF  (0x678729EF)
@rltv@ System.Windows.Forms.ni.dll 1FA325  (0x6786A325)
@rltv@ System.Windows.Forms.ni.dll A5E918  (0x680CE918)
@rltv@ System.Windows.Forms.ni.dll 1F5831  (0x67865831)
@rltv@ Win32.dll A2EB4A  (0x0FFEEB4A)
@rltv@ Win32.dll A2E681  (0x0FFEE681)
@rltv@ ScintillaNET.dll 10C4545C  (0x299B545C)
@rltv@ ScintillaNET.dll 10C4539E  (0x299B539E)
@rltv@ System.Windows.Forms.ni.dll 7A852C  (0x67E1852C)
@rltv@ USER32.dll 33163 Ordinal2713 (0x77973163)
@rltv@ System.Windows.Forms.ni.dll 1F9A80  (0x67869A80)
@rltv@ System.Windows.Forms.ni.dll 1F9A01  (0x67869A01)
@rltv@ System.Windows.Forms.ni.dll 1F98DA  (0x678698DA)
@rltv@ USER32.dll 33163 Ordinal2713 (0x77973163)
@rltv@ USER32.dll 23F56 CallWindowProcW (0x77963F56)
@rltv@ USER32.dll 238C7 CallWindowProcW (0x779638C7)
@rltv@ comctl32.dll 8035A DefSubclassProc (0x7199035A)
@rltv@ comctl32.dll 803F8 DefSubclassProc (0x719903F8)
@rltv@ comctl32.dll 80171 DefSubclassProc (0x71990171)
@rltv@ USER32.dll 33163 Ordinal2713 (0x77973163)
@rltv@ USER32.dll 23F56 CallWindowProcW (0x77963F56)
@rltv@ USER32.dll 22815 DispatchMessageW (0x77962815)
@rltv@ USER32.dll 22360 DispatchMessageW (0x77962360)
@rltv@ System.Windows.Forms.ni.dll 20A00E  (0x6787A00E)
@rltv@ System.Windows.Forms.ni.dll 20A00E  (0x6787A00E)
@rltv@ System.Windows.Forms.ni.dll 20A188  (0x6787A188)
@rltv@ System.Windows.Forms.ni.dll 209C77  (0x67879C77)
@rltv@ System.Windows.Forms.ni.dll 209C77  (0x67879C77)
@rltv@ System.Windows.Forms.ni.dll 209AC1  (0x67879AC1)
@rltv@ System.Windows.Forms.ni.dll 1C6911  (0x67836911)
@rltv@ mscorwks.dll 1B8C  (0x72FF1B8C)
@rltv@ mscorwks.dll 18901  (0x73008901)
@rltv@ mscorwks.dll 327D1  (0x730227D1)
@rltv@ mscorwks.dll 32804  (0x73022804)
@rltv@ mscorwks.dll 32822  (0x73022822)
@rltv@ mscorwks.dll A84C4 CorExitProcess (0x730984C4)
@rltv@ mscorwks.dll 8FF95 GetMetaDataInternalInterface (0x7307FF95)
@rltv@ mscorwks.dll 904B2 GetMetaDataInternalInterface (0x730804B2)
@rltv@ mscorwks.dll 9069C CorExeMain (0x7308069C)
@rltv@ mscorwks.dll 905CC CorExeMain (0x730805CC)
@rltv@ mscoreei.dll A38E CorExeMain (0x7368A38E)
@rltv@ MSCOREE.DLL FB6E DllUnregisterServer (0x73BAFB6E)
@rltv@ MSCOREE.DLL 15708 CorExeMain (0x73BB5708)
@rltv@ ntdll.dll 6C0CB RtlInitializeExceptionChain (0x77D2C0CB)
@rltv@ ntdll.dll 6C04F RtlClearBits (0x77D2C04F)
